<?xml version="1.0" encoding="UTF-8"?>
<!-- Generated by org.testng.reporters.JUnitReportReporter -->
<testsuite name="com.qainfotech.tap.training.snl.api.BoardTest" tests="1" time="0.053" ignored="7" failures="0" timestamp="03 Jul 2017 05:56:34 GMT" skipped="0" hostname="asda1716po02925" errors="0">
  <testcase name="InvalidTurnException" time="0.053" classname="com.qainfotech.tap.training.snl.api.BoardTest"/>
  <testcase name="Board" classname="com.qainfotech.tap.training.snl.api.BoardTest">
    <skipped/>
  </testcase> <!-- Board -->
  <testcase name="MaxPlayersReached" classname="com.qainfotech.tap.training.snl.api.BoardTest">
    <skipped/>
  </testcase> <!-- MaxPlayersReached -->
  <testcase name="registerPlayer" classname="com.qainfotech.tap.training.snl.api.BoardTest">
    <skipped/>
  </testcase> <!-- registerPlayer -->
  <testcase name="GameInProgress" classname="com.qainfotech.tap.training.snl.api.BoardTest">
    <skipped/>
  </testcase> <!-- GameInProgress -->
  <testcase name="PlayerExistsException" classname="com.qainfotech.tap.training.snl.api.BoardTest">
    <skipped/>
  </testcase> <!-- PlayerExistsException -->
  <testcase name="deletePlayer" classname="com.qainfotech.tap.training.snl.api.BoardTest">
    <skipped/>
  </testcase> <!-- deletePlayer -->
  <testcase name="rollDice" classname="com.qainfotech.tap.training.snl.api.BoardTest">
    <skipped/>
  </testcase> <!-- rollDice -->
</testsuite> <!-- com.qainfotech.tap.training.snl.api.BoardTest -->
